{
  "stats": {
    "suites": 1,
    "tests": 1,
    "passes": 1,
    "pending": 0,
    "failures": 0,
    "start": "2024-07-25T18:24:19.220Z",
    "end": "2024-07-25T18:24:26.496Z",
    "duration": 7276,
    "testsRegistered": 1,
    "passPercent": 100,
    "pendingPercent": 0,
    "other": 0,
    "hasOther": false,
    "skipped": 0,
    "hasSkipped": false
  },
  "results": [
    {
      "uuid": "c489855c-719b-4ae4-8afe-60aeec6bb1a5",
      "title": "",
      "fullFile": "cypress\\e2e\\cadastro-ok.cy.js",
      "file": "cypress\\e2e\\cadastro-ok.cy.js",
      "beforeHooks": [],
      "afterHooks": [],
      "tests": [],
      "suites": [
        {
          "uuid": "89e88808-89fe-40d5-9519-8329a480e0b8",
          "title": "Testar página de cadastro.",
          "fullFile": "",
          "file": "",
          "beforeHooks": [],
          "afterHooks": [],
          "tests": [
            {
              "title": "Percorrer um formulário de forma que seja cadastrado um usuário.",
              "fullTitle": "Testar página de cadastro. Percorrer um formulário de forma que seja cadastrado um usuário.",
              "timedOut": null,
              "duration": 4053,
              "state": "passed",
              "speed": "fast",
              "pass": true,
              "fail": false,
              "pending": false,
              "context": null,
              "code": "cy.cadastro('Ana de Paula', 'testDahora@email.com', 'TestDahora123', 'TestDahora123'); //essa func cadastro esta na pasta support em commands.js",
              "err": {},
              "uuid": "777dce4b-91b8-4540-97ec-b029edee869c",
              "parentUUID": "89e88808-89fe-40d5-9519-8329a480e0b8",
              "isHook": false,
              "skipped": false
            }
          ],
          "suites": [],
          "passes": [
            "777dce4b-91b8-4540-97ec-b029edee869c"
          ],
          "failures": [],
          "pending": [],
          "skipped": [],
          "duration": 4053,
          "root": false,
          "rootEmpty": false,
          "_timeout": 2000
        }
      ],
      "passes": [],
      "failures": [],
      "pending": [],
      "skipped": [],
      "duration": 0,
      "root": true,
      "rootEmpty": true,
      "_timeout": 2000
    }
  ],
  "meta": {
    "mocha": {
      "version": "7.0.1"
    },
    "mochawesome": {
      "options": {
        "quiet": false,
        "reportFilename": "mochawesome",
        "saveHtml": true,
        "saveJson": true,
        "consoleReporter": "spec",
        "useInlineDiffs": false,
        "code": true
      },
      "version": "7.1.3"
    },
    "marge": {
      "options": {
        "reportDir": "cypress/results",
        "overwrite": false,
        "html": true,
        "json": true,
        "timestamp": "mmddyyyy_HHMMss"
      },
      "version": "6.2.0"
    }
  }
}