{
  "stats": {
    "suites": 1,
    "tests": 1,
    "passes": 1,
    "pending": 0,
    "failures": 0,
    "start": "2024-07-25T18:24:08.054Z",
    "end": "2024-07-25T18:24:14.076Z",
    "duration": 6022,
    "testsRegistered": 1,
    "passPercent": 100,
    "pendingPercent": 0,
    "other": 0,
    "hasOther": false,
    "skipped": 0,
    "hasSkipped": false
  },
  "results": [
    {
      "uuid": "b8b69621-b87a-478f-bdd1-f33c8f432c0e",
      "title": "",
      "fullFile": "cypress\\e2e\\cadastro-fail.cy.js",
      "file": "cypress\\e2e\\cadastro-fail.cy.js",
      "beforeHooks": [],
      "afterHooks": [],
      "tests": [],
      "suites": [
        {
          "uuid": "41c3a000-87a8-42a0-a3fb-96f5bbd83761",
          "title": "Pagina de cadastro, caminho triste",
          "fullFile": "",
          "file": "",
          "beforeHooks": [],
          "afterHooks": [],
          "tests": [
            {
              "title": "Percorrer um formulário de forma incorreta, e mostrar mensagens de erro.",
              "fullTitle": "Pagina de cadastro, caminho triste Percorrer um formulário de forma incorreta, e mostrar mensagens de erro.",
              "timedOut": null,
              "duration": 2521,
              "state": "passed",
              "speed": "fast",
              "pass": true,
              "fail": false,
              "pending": false,
              "context": null,
              "code": "cy.get('[data-test=\"submit-button\"]').click();\ncy.contains('É necessário informar um endereço de email').should('be.visible'); //esse .should('be.visible') diz que a func anterior tem que ser visível\ncy.contains('Crie uma senha').should('be.visible');\ncy.contains('Repita a senha criada acima').should('be.visible');",
              "err": {},
              "uuid": "480fd025-491d-4e58-a89c-9f00c1a07067",
              "parentUUID": "41c3a000-87a8-42a0-a3fb-96f5bbd83761",
              "isHook": false,
              "skipped": false
            }
          ],
          "suites": [],
          "passes": [
            "480fd025-491d-4e58-a89c-9f00c1a07067"
          ],
          "failures": [],
          "pending": [],
          "skipped": [],
          "duration": 2521,
          "root": false,
          "rootEmpty": false,
          "_timeout": 2000
        }
      ],
      "passes": [],
      "failures": [],
      "pending": [],
      "skipped": [],
      "duration": 0,
      "root": true,
      "rootEmpty": true,
      "_timeout": 2000
    }
  ],
  "meta": {
    "mocha": {
      "version": "7.0.1"
    },
    "mochawesome": {
      "options": {
        "quiet": false,
        "reportFilename": "mochawesome",
        "saveHtml": true,
        "saveJson": true,
        "consoleReporter": "spec",
        "useInlineDiffs": false,
        "code": true
      },
      "version": "7.1.3"
    },
    "marge": {
      "options": {
        "reportDir": "cypress/results",
        "overwrite": false,
        "html": true,
        "json": true,
        "timestamp": "mmddyyyy_HHMMss"
      },
      "version": "6.2.0"
    }
  }
}