{
  "stats": {
    "suites": 1,
    "tests": 1,
    "passes": 1,
    "pending": 0,
    "failures": 0,
    "start": "2024-07-25T18:24:31.646Z",
    "end": "2024-07-25T18:24:38.419Z",
    "duration": 6773,
    "testsRegistered": 1,
    "passPercent": 100,
    "pendingPercent": 0,
    "other": 0,
    "hasOther": false,
    "skipped": 0,
    "hasSkipped": false
  },
  "results": [
    {
      "uuid": "e41e25ea-8bc0-45fe-a40e-bdeaf08b7187",
      "title": "",
      "fullFile": "cypress\\e2e\\login-fail.cy.js",
      "file": "cypress\\e2e\\login-fail.cy.js",
      "beforeHooks": [],
      "afterHooks": [],
      "tests": [],
      "suites": [
        {
          "uuid": "3b3f884e-6ce7-40b5-8f67-d81e608f3a93",
          "title": "Testar página de login, caminho triste.",
          "fullFile": "",
          "file": "",
          "beforeHooks": [],
          "afterHooks": [],
          "tests": [
            {
              "title": "Percorrer o form de login, efetuar o login de forma incorreta, e mostrar menssagem de erro para o usuário",
              "fullTitle": "Testar página de login, caminho triste. Percorrer o form de login, efetuar o login de forma incorreta, e mostrar menssagem de erro para o usuário",
              "timedOut": null,
              "duration": 3380,
              "state": "passed",
              "speed": "fast",
              "pass": true,
              "fail": false,
              "pending": false,
              "context": null,
              "code": "cy.login('joaquinCortadordeCanaDura@gmail.com', 'senhaMaluka1928374656');\ncy.contains('A senha deve conter pelo menos uma letra maiúscula, um número e ter entre 6 e 15 caracteres').should('be.visible');",
              "err": {},
              "uuid": "6f2fe1a7-5d03-4772-a080-3eb2233497c5",
              "parentUUID": "3b3f884e-6ce7-40b5-8f67-d81e608f3a93",
              "isHook": false,
              "skipped": false
            }
          ],
          "suites": [],
          "passes": [
            "6f2fe1a7-5d03-4772-a080-3eb2233497c5"
          ],
          "failures": [],
          "pending": [],
          "skipped": [],
          "duration": 3380,
          "root": false,
          "rootEmpty": false,
          "_timeout": 2000
        }
      ],
      "passes": [],
      "failures": [],
      "pending": [],
      "skipped": [],
      "duration": 0,
      "root": true,
      "rootEmpty": true,
      "_timeout": 2000
    }
  ],
  "meta": {
    "mocha": {
      "version": "7.0.1"
    },
    "mochawesome": {
      "options": {
        "quiet": false,
        "reportFilename": "mochawesome",
        "saveHtml": true,
        "saveJson": true,
        "consoleReporter": "spec",
        "useInlineDiffs": false,
        "code": true
      },
      "version": "7.1.3"
    },
    "marge": {
      "options": {
        "reportDir": "cypress/results",
        "overwrite": false,
        "html": true,
        "json": true,
        "timestamp": "mmddyyyy_HHMMss"
      },
      "version": "6.2.0"
    }
  }
}